make all --print-data-base --no-builtin-variables --no-builtin-rules --question
make: *** No rule to make target 'all'.  Stop.

# GNU Make 4.2.1
# Built for x86_64-pc-linux-gnu
# Copyright (C) 1988-2016 Free Software Foundation, Inc.
# License GPLv3+: GNU GPL version 3 or later <http://gnu.org/licenses/gpl.html>
# This is free software: you are free to change and redistribute it.
# There is NO WARRANTY, to the extent permitted by law.

# Make data base, printed on Thu Aug 25 07:39:08 2022

# Variables

# automatic
<D = $(patsubst %/,%,$(dir $<))
# environment
RUBY_VERSION = ruby-3.1.2
# automatic
?F = $(notdir $?)
# environment
GP_OPEN_EDITOR = /ide/bin/remote-cli/gitpod-code
# default
.SHELLFLAGS := -c
# environment
SDKMAN_CANDIDATES_API = https://api.sdkman.io/2
# environment
VSX_REGISTRY_URL = https://open-vsx.gitpod.io
# environment
GRADLE_HOME = /home/gitpod/.sdkman/candidates/gradle/current
# environment
rvm_path = /home/gitpod/.rvm
# environment
SUPERVISOR_ADDR = localhost:22999
# automatic
@D = $(patsubst %/,%,$(dir $@))
# automatic
@F = $(notdir $@)
# makefile
CURDIR := /workspace/ms-demo-gen
# makefile
SHELL = /bin/sh
# environment
VSCODE_NLS_CONFIG = {"locale":"en","availableLanguages":{}}
# environment
_ = /ide/node
# environment
GITPOD_THEIA_PORT = 23000
# automatic
?D = $(patsubst %/,%,$(dir $?))
# environment
POETRY_CACHE_DIR = /workspace/.pyenv_mirror/poetry
# environment
GITPOD_ANALYTICS_WRITER = segment
# environment
GO_VERSION = 1.19
# environment
MAVEN_HOME = /home/gitpod/.sdkman/candidates/maven/current
# makefile (from 'Makefile', line 1)
MAKEFILE_LIST :=  Makefile
# environment
GITPOD_WORKSPACE_CONTEXT_URL = https://github.com/warm-metal/ms-demo-gen
# 'override' directive
GNUMAKEFLAGS := 
# environment
VSCODE_AMD_ENTRYPOINT = vs/workbench/api/node/extensionHostProcess
# environment
THEIA_WORKSPACE_ROOT = /workspace/ms-demo-gen
# environment
INFOPATH = :/home/linuxbrew/.linuxbrew/share/info
# environment
LESSOPEN = | /usr/bin/lesspipe %s
# environment
GIT_EDITOR = /ide/bin/remote-cli/gitpod-code --wait
# environment
VSCODE_CWD = /ide
# environment
GOPROXY = https://proxy.golang.org,direct
# default
MAKE_HOST := x86_64-pc-linux-gnu
# environment
PATH = /home/gitpod/go/bin:/ide/bin/remote-cli:/home/gitpod/.nix-profile/bin:/home/gitpod/.local/bin:/workspace/.cargo/bin:/home/gitpod/.pyenv/plugins/pyenv-virtualenv/shims:/home/gitpod/.pyenv/shims:/workspace/go/bin:/home/gitpod/.nix-profile/bin:/home/gitpod/.nix-profile/bin:/home/gitpod/.local/bin:/home/gitpod/.sdkman/candidates/maven/current/bin:/home/gitpod/.sdkman/candidates/java/current/bin:/home/gitpod/.sdkman/candidates/gradle/current/bin:/workspace/.cargo/bin:/home/gitpod/.rvm/gems/ruby-3.1.2/bin:/home/gitpod/.rvm/gems/ruby-3.1.2@global/bin:/home/gitpod/.rvm/rubies/ruby-3.1.2/bin:/home/gitpod/.pyenv/plugins/pyenv-virtualenv/shims:/workspace/go/bin:/home/gitpod/.nix-profile/bin:/ide/bin/remote-cli:/home/gitpod/go-packages/bin:/home/gitpod/.nvm/versions/node/v16.17.0/bin:/home/gitpod/.pyenv/bin:/workspace/.rvm/bin:/home/gitpod/.cargo/bin:/home/linuxbrew/.linuxbrew/bin:/home/linuxbrew/.linuxbrew/sbin/:/home/gitpod/.local/bin:/usr/games:/usr/local/sbin:/usr/local/bin:/usr/sbin:/usr/bin:/sbin:/bin:/home/gitpod/.nvm/versions/node/v16.17.0/bin:/home/gitpod/.rvm/bin:/home/gitpod/.nvm/versions/node/v16.17.0/bin:/home/gitpod/.nvm/versions/node/v16.17.0/bin
# environment
GITPOD_OWNER_ID = 8c0eb159-d180-46a8-b88f-025c1d866a11
# environment
GITPOD_WORKSPACE_ID = warmmetal-msdemogen-7se6p2lp1mk
# environment
GITPOD_INTERVAL = 30000
# environment
CARGO_HOME = /workspace/.cargo
# environment
rvm_stored_umask = 0022
# environment
GITPOD_WORKSPACE_CLUSTER_HOST = ws-us63.gitpod.io
# environment
GITPOD_ANALYTICS_SEGMENT_KEY = bUY8IRdJ42KjLOBS9LoIHMYFBD8rSzjU
# environment
SDKMAN_DIR = /home/gitpod/.sdkman
# environment
GITPOD_REPO_ROOTS = /workspace/ms-demo-gen
# environment
PIP_CACHE_DIR = /workspace/.pyenv_mirror/pip_cache
# environment
GP_PYENV_MIRROR = /workspace/.pyenv_mirror
# environment
GOPATH = /workspace/go
# environment
PYTHONUSERBASE_VERSION_FILE = /workspace/.pyenv_mirror/user/.mounted_version
# environment
SDKMAN_PLATFORM = linuxx64
# environment
ELECTRON_RUN_AS_NODE = 1
# environment
PYENV_ROOT = /home/gitpod/.pyenv
# environment
VSCODE_IPC_HOOK_CLI = /tmp/vscode-ipc-47af58ab-be5d-4159-b154-c5f94f6aa35a.sock
# default
.FEATURES := target-specific order-only second-expansion else-if shortest-stem undefine oneshell archives jobserver output-sync check-symlink load
# environment
NIX_VERSION = 2.6.0
# environment
LS_COLORS = 
# automatic
%F = $(notdir $%)
# environment
GP_PREVIEW_BROWSER = /ide/bin/remote-cli/gitpod-code --preview
# automatic
*F = $(notdir $*)
# environment
VISUAL = /ide/bin/remote-cli/gitpod-code
# environment
NIX_SSL_CERT_FILE = /etc/ssl/certs/ca-certificates.crt
# environment
rvm_bin_path = /home/gitpod/.rvm/bin
# environment
WORKSPACEKIT_WRAP_NETNS = true
# default
.LOADED := 
# environment
GEM_HOME = /home/gitpod/.rvm/gems/ruby-3.1.2
# environment
MANPATH = /home/gitpod/.nix-profile/share/man:/home/gitpod/.nix-profile/share/man:/home/gitpod/.nix-profile/share/man:/home/gitpod/.nix-profile/share/man::/home/linuxbrew/.linuxbrew/share/man
# environment
NODE_VERSION = 16.17.0
# environment
GOMODCACHE = /workspace/go/pkg/mod
# environment
PYENV_SHELL = bash
# environment
HOME = /home/gitpod
# environment
THEIA_WEBVIEW_EXTERNAL_ENDPOINT = webview-{{hostname}}
# environment
LESSCLOSE = /usr/bin/lesspipe %s %s
# environment
APPLICATION_INSIGHTS_NO_DIAGNOSTIC_CHANNEL = true
# environment
GITPOD_CLI_APITOKEN = _Z2N6osRy7lCByqSA8WIQeaTdp5YvNAi
# automatic
+F = $(notdir $+)
# environment
VSCODE_HANDLES_UNCAUGHT_ERRORS = true
# automatic
^D = $(patsubst %/,%,$(dir $^))
# environment
HOSTNAME = warmmetal-msdemogen-7se6p2lp1mk
# environment
GP_PYENV_INIT = true
# environment
GRADLE_USER_HOME = /workspace/.gradle/
# environment
MAKELEVEL := 0
# environment
GEM_PATH = /home/gitpod/.rvm/gems/ruby-3.1.2:/home/gitpod/.rvm/gems/ruby-3.1.2@global
# environment
SDKMAN_VERSION = 5.15.0
# default
MAKE = $(MAKE_COMMAND)
# default
MAKECMDGOALS := all
# environment
IRBRC = /home/gitpod/.rvm/rubies/ruby-3.1.2/.irbrc
# environment
SHLVL = 0
# environment
NIX_PROFILES = /nix/var/nix/profiles/default /home/gitpod/.nix-profile
# environment
GITPOD_GIT_USER_NAME = Kitt Hsu
# environment
JAVA_HOME = /home/gitpod/.sdkman/candidates/java/current
# default
MAKE_VERSION := 4.2.1
# environment
USER = gitpod
# makefile
.DEFAULT_GOAL := default
# environment
GOROOT = /home/gitpod/go
# environment
GITPOD_IDE_ALIAS = code
# environment
rvm_version = 1.29.12 (latest)
# automatic
%D = $(patsubst %/,%,$(dir $%))
# environment
GITPOD_REPO_ROOT = /workspace/ms-demo-gen
# environment
THEIA_RATELIMIT_LOG = 50
# environment
THEIA_MINI_BROWSER_HOST_PATTERN = browser-{{hostname}}
# environment
GITPOD_GIT_USER_EMAIL = kitt.hsu@gmail.com
# default
MAKE_COMMAND := make
# environment
OLDPWD = /
# default
.VARIABLES := 
# environment
GITPOD_WORKSPACE_CLASS = default
# environment
GITPOD_PREVENT_METADATA_ACCESS = true
# environment
GITPOD_HOST = https://gitpod.io
# makefile
MAKEFLAGS = pqrR
 
# environment
MFLAGS = -pqrR
# automatic
*D = $(patsubst %/,%,$(dir $*))
# environment
NVM_DIR = /home/gitpod/.nvm
# automatic
+D = $(patsubst %/,%,$(dir $+))
# environment
PYENV_HOOK_PATH = /home/gitpod/.gp_pyenv.d
# environment
rvm_user_install_flag = 1
# environment
BROWSER = /ide/bin/helpers/browser.sh
# environment
GITPOD_MEMORY = 3489
# environment
VSCODE_HANDLES_SIGPIPE = true
# default
MAKEFILES := 
# environment
GITPOD_CODE_HOST = https://gitpod.io
# environment
HOMEBREW_NO_AUTO_UPDATE = 1
# automatic
<F = $(notdir $<)
# environment
GP_PYENV_FAKEROOT = /workspace/.pyenv_mirror/fakeroot
# environment
PIPENV_VENV_IN_PROJECT = true
# environment
TRIGGER_REBUILD = 1
# environment
GP_EXTERNAL_BROWSER = /ide/bin/remote-cli/gitpod-code --openExternal
# environment
SDKMAN_CANDIDATES_DIR = /home/gitpod/.sdkman/candidates
# environment
EDITOR = /ide/bin/remote-cli/gitpod-code
# environment
PWD = /workspace/ms-demo-gen
# environment
LC_ALL = C
# environment
GITPOD_WORKSPACE_CONTEXT = {"isFile":false,"path":"","title":"warm-metal/ms-demo-gen - main","ref":"main","refType":"branch","revision":"60b865c6b6a3bfde7c4c95c0f3382afb67a43f3d","repository":{"cloneUrl":"https://github.com/warm-metal/ms-demo-gen.git","host":"github.com","name":"ms-demo-gen","owner":"warm-metal","private":true},"normalizedContextURL":"https://github.com/warm-metal/ms-demo-gen","checkoutLocation":"ms-demo-gen"}
# environment
JAVA_TOOL_OPTIONS =  -Xmx3489m
# automatic
^F = $(notdir $^)
# environment
rvm_prefix = /home/gitpod
# default
SUFFIXES := 
# environment
APACHE_DOCROOT_IN_REPO = public
# environment
PYENV_VIRTUALENV_INIT = 1
# environment
NGINX_DOCROOT_IN_REPO = public
# default
.INCLUDE_DIRS = /usr/include /usr/local/include /usr/include
# environment
rvm_loaded_flag = 1
# environment
GITPOD_INSTANCE_ID = 29317a9d-f242-4e32-8f1b-9ff7d904fef6
# environment
GITPOD_WORKSPACE_URL = https://warmmetal-msdemogen-7se6p2lp1mk.ws-us63.gitpod.io
# default
.RECIPEPREFIX := 
# environment
LANG = C
# environment
PYTHONUSERBASE = /workspace/.pyenv_mirror/user/current
# environment
MY_RUBY_HOME = /home/gitpod/.rvm/rubies/ruby-3.1.2
# variable set hash-table stats:
# Load=143/1024=14%, Rehash=0, Collisions=16/168=10%

# Pattern-specific Variable Values

# No pattern-specific variable values.

# Directories

# . (device 2346, inode 1417): 12 files, no impossibilities.

# 12 files, no impossibilities in 1 directories.

# Implicit Rules

# No implicit rules.

# Files

# Not a target:
all:
#  Command line target.
#  Implicit rule search has been done.
#  File does not exist.
#  File has not been updated.

# Not a target:
Makefile:
#  Implicit rule search has been done.
#  Last modified 2022-08-25 06:31:30
#  File has been updated.
#  Successfully updated.

 
default:
#  Implicit rule search has not been done.
#  Modification time never checked.
#  File has not been updated.
#  recipe to execute (from 'Makefile', line 2):
	go vet ./...
	go build ./cmd/gen -o _output/gen

# Not a target:
.DEFAULT:
#  Implicit rule search has not been done.
#  Modification time never checked.
#  File has not been updated.

# files hash-table stats:
# Load=5/1024=0%, Rehash=0, Collisions=0/15=0%
# VPATH Search Paths

# No 'vpath' search paths.

# No general ('VPATH' variable) search path.

# strcache buffers: 1 (0) / strings = 18 / storage = 141 B / avg = 7 B
# current buf: size = 8162 B / used = 141 B / count = 18 / avg = 7 B

# strcache performance: lookups = 23 / hit rate = 21%
# hash-table stats:
# Load=18/8192=0%, Rehash=0, Collisions=1/23=4%
# Finished Make data base on Thu Aug 25 07:39:08 2022

 
